<?xml version="1.0" encoding="UTF-8"?>
<testsuite name="com.example.project.TestTree" tests="10" skipped="0" failures="0" errors="0" timestamp="2024-10-26T14:22:50" hostname="DESKTOP-N6NSMDM" time="0.025">
  <properties/>
  <testcase name="testCountLeaves1()" classname="com.example.project.TestTree" time="0.012"/>
  <testcase name="testCountLeaves2()" classname="com.example.project.TestTree" time="0.002"/>
  <testcase name="testCountLeaves3()" classname="com.example.project.TestTree" time="0.0"/>
  <testcase name="testCountLeaves4()" classname="com.example.project.TestTree" time="0.0"/>
  <testcase name="testCountLeaves5()" classname="com.example.project.TestTree" time="0.0"/>
  <testcase name="testCountLeaves6()" classname="com.example.project.TestTree" time="0.001"/>
  <testcase name="testCountLeaves7()" classname="com.example.project.TestTree" time="0.001"/>
  <testcase name="testCountNodesIn1()" classname="com.example.project.TestTree" time="0.001"/>
  <testcase name="testCountNodesIn2()" classname="com.example.project.TestTree" time="0.001"/>
  <testcase name="testCountNodesIn3()" classname="com.example.project.TestTree" time="0.001"/>
  <system-out><![CDATA[]]></system-out>
  <system-err><![CDATA[]]></system-err>
</testsuite>
